# JRE version: Java(TM) SE Runtime Environment (8.0_201-b09) (build 1.8.0_201-b09)
# Java VM: Java HotSpot(TM) 64-Bit Server VM (25.201-b09 mixed mode windows-amd64 compressed oops)
Heap:
 garbage-first heap   total 201728K, used 68929K [0x00000000c0000000, 0x00000000c0100628, 0x0000000100000000)
  region size 1024K, 3 young (3072K), 0 survivors (0K)
 Metaspace       used 64141K, capacity 67202K, committed 67536K, reserved 1110016K
  class space    used 6158K, capacity 7104K, committed 7120K, reserved 1048576K
GC Heap History (10 events):
Event: 157592.960 GC heap before
{Heap before GC invocations=6061 (full 5693):
 garbage-first heap   total 201728K, used 66881K [0x00000000c0000000, 0x00000000c0100628, 0x0000000100000000)
  region size 1024K, 1 young (1024K), 0 survivors (0K)
 Metaspace       used 64058K, capacity 67100K, committed 67280K, reserved 1110016K
  class space    used 6139K, capacity 7071K, committed 7120K, reserved 1048576K
Event: 157593.204 GC heap after
Heap after GC invocations=6062 (full 5694):
 garbage-first heap   total 201728K, used 66881K [0x00000000c0000000, 0x00000000c0100628, 0x0000000100000000)
  region size 1024K, 0 young (0K), 0 survivors (0K)
 Metaspace       used 64058K, capacity 67100K, committed 67280K, reserved 1110016K
  class space    used 6139K, capacity 7071K, committed 7120K, reserved 1048576K
}
Event: 157603.396 GC heap before
{Heap before GC invocations=6062 (full 5694):
 garbage-first heap   total 201728K, used 66881K [0x00000000c0000000, 0x00000000c0100628, 0x0000000100000000)
  region size 1024K, 1 young (1024K), 0 survivors (0K)
 Metaspace       used 64058K, capacity 67100K, committed 67280K, reserved 1110016K
  class space    used 6139K, capacity 7071K, committed 7120K, reserved 1048576K
Event: 157603.655 GC heap after
Heap after GC invocations=6063 (full 5695):
 garbage-first heap   total 201728K, used 66881K [0x00000000c0000000, 0x00000000c0100628, 0x0000000100000000)
  region size 1024K, 0 young (0K), 0 survivors (0K)
 Metaspace       used 64058K, capacity 67100K, committed 67280K, reserved 1110016K
  class space    used 6139K, capacity 7071K, committed 7120K, reserved 1048576K
}
Event: 157613.841 GC heap before
{Heap before GC invocations=6063 (full 5695):
 garbage-first heap   total 201728K, used 66881K [0x00000000c0000000, 0x00000000c0100628, 0x0000000100000000)
  region size 1024K, 1 young (1024K), 0 survivors (0K)
 Metaspace       used 64058K, capacity 67100K, committed 67280K, reserved 1110016K
  class space    used 6139K, capacity 7071K, committed 7120K, reserved 1048576K
Event: 157614.083 GC heap after
Heap after GC invocations=6064 (full 5696):
 garbage-first heap   total 201728K, used 66881K [0x00000000c0000000, 0x00000000c0100628, 0x0000000100000000)
  region size 1024K, 0 young (0K), 0 survivors (0K)
 Metaspace       used 64058K, capacity 67100K, committed 67280K, reserved 1110016K
  class space    used 6139K, capacity 7071K, committed 7120K, reserved 1048576K
}
Event: 157624.258 GC heap before
{Heap before GC invocations=6064 (full 5696):
 garbage-first heap   total 201728K, used 66881K [0x00000000c0000000, 0x00000000c0100628, 0x0000000100000000)
  region size 1024K, 1 young (1024K), 0 survivors (0K)
 Metaspace       used 64058K, capacity 67100K, committed 67280K, reserved 1110016K
  class space    used 6139K, capacity 7071K, committed 7120K, reserved 1048576K
Event: 157624.506 GC heap after
Heap after GC invocations=6065 (full 5697):
 garbage-first heap   total 201728K, used 66881K [0x00000000c0000000, 0x00000000c0100628, 0x0000000100000000)
  region size 1024K, 0 young (0K), 0 survivors (0K)
 Metaspace       used 64058K, capacity 67100K, committed 67280K, reserved 1110016K
  class space    used 6139K, capacity 7071K, committed 7120K, reserved 1048576K
}
Event: 157634.555 GC heap before
{Heap before GC invocations=6065 (full 5697):
 garbage-first heap   total 201728K, used 66881K [0x00000000c0000000, 0x00000000c0100628, 0x0000000100000000)
  region size 1024K, 1 young (1024K), 0 survivors (0K)
 Metaspace       used 64058K, capacity 67100K, committed 67280K, reserved 1110016K
  class space    used 6139K, capacity 7071K, committed 7120K, reserved 1048576K
Event: 157634.803 GC heap after
Heap after GC invocations=6066 (full 5698):
 garbage-first heap   total 201728K, used 66881K [0x00000000c0000000, 0x00000000c0100628, 0x0000000100000000)
  region size 1024K, 0 young (0K), 0 survivors (0K)
 Metaspace       used 64058K, capacity 67100K, committed 67280K, reserved 1110016K
  class space    used 6139K, capacity 7071K, committed 7120K, reserved 1048576K
}

